8 [47998336212224] INFO perfrun.launcher <> - Launcher main begin
12 [47998336212224] INFO perfrun.launcher <> - MessageCatalogInit finished
12 [47998336212224] INFO perfrun.launcher <> - Launcher instance created
12 [47998336212224] INFO perfrun.launcher <> - argc = 7; cmdline = /okyanus/progs/intel_parallel_studio/intel2019update4/vtune_amplifier_2019.4.0.597835/bin64/amplxe-runss --ui-output-format xml --ui-output-fd 5 --option-file /okyanus/users/yatmaca/C-NFA-3150/r004hs/config/runss.options 
31 [47998336212224] INFO perfrun.launcher <> - plugin remoteplug has been added successfully
32 [47998336212224] INFO perfrun.launcher <> - plugin system has been added successfully
32 [47998336212224] INFO perfrun.launcher <> - plugin itt has been added successfully
32 [47998336212224] INFO perfrun.launcher <> - plugin ptracecollector has been added successfully
32 [47998336212224] INFO perfrun.launcher <> - plugin gpu has been added successfully
32 [47998336212224] INFO perfrun.launcher <> - plugin  has been added successfully
32 [47998336212224] INFO perfrun.launcher <> - plugin  has been added successfully
32 [47998336212224] INFO perfrun.launcher <> - plugin  has been added successfully
32 [47998336212224] INFO perfrun.launcher <> - plugin mrte has been added successfully
32 [47998336212224] INFO perfrun.launcher <> - plugin emon has been added successfully
32 [47998336212224] INFO perfrun.launcher <> - plugin cuscol has been added successfully
32 [47998336212224] INFO perfrun.launcher <> - plugin stdsrc has been added successfully
32 [47998336212224] INFO perfrun.launcher <> - plugin sep has been added successfully
32 [47998336212224] INFO perfrun.launcher <> - plugin vtsspp has been added successfully
32 [47998336212224] INFO perfrun.sdk <> - Reading value (1) from file: /proc/sys/kernel/perf_event_paranoid
36 [47998336212224] INFO perfrun.perfcollector <> - cpu: family = 6 model = 85
36 [47998336212224] INFO perfrun.perfcollector <> - dir found : /sys/bus/event_source/devices/cpu
36 [47998336212224] INFO perfrun.perfcollector <> - format: pc config:19 mask:19
36 [47998336212224] INFO perfrun.perfcollector <> - format: any config:21 mask:21
36 [47998336212224] INFO perfrun.perfcollector <> - format: inv config:23 mask:23
36 [47998336212224] INFO perfrun.perfcollector <> - format: edge config:18 mask:18
36 [47998336212224] INFO perfrun.perfcollector <> - format: cmask config:24-31 mask:24-31
36 [47998336212224] INFO perfrun.perfcollector <> - format: event config:0-7 mask:0-7
36 [47998336212224] INFO perfrun.perfcollector <> - format: in_tx config:32 mask:32
36 [47998336212224] INFO perfrun.perfcollector <> - format: ldlat config1:0-15 mask:0-15
36 [47998336212224] INFO perfrun.perfcollector <> - format: umask config:8-15 mask:8-15
36 [47998336212224] INFO perfrun.perfcollector <> - format: in_tx_cp config:33 mask:33
36 [47998336212224] INFO perfrun.perfcollector <> - format: frontend config1:0-23 mask:0-23
36 [47998336212224] INFO perfrun.perfcollector <> - format: offcore_rsp config1:0-63 mask:0-63
36 [47998336212224] INFO perfrun.perfcollector <> - hwInfo : PERF_CPU_PMU_DETAILS
36 [47998336212224] INFO perfrun.perfcollector <> - pmu added : family : cpu , id : 0
36 [47998336212224] INFO perfrun.perfcollector <> - dir found : /sys/bus/event_source/devices/software
36 [47998336212224] WARN perfrun.perfcollector <> - format subdir doesn't exist, at file: vcs/perfrun1/plugins/perfcollector/src/controller.cpp:605
36 [47998336212224] WARN perfrun.perfcollector <> - pmu hwInfo is not set, at file: vcs/perfrun1/plugins/perfcollector/src/controller.cpp:689
36 [47998336212224] INFO perfrun.perfcollector <> - pmu added : family : software , id : 0
36 [47998336212224] INFO perfrun.perfcollector <> - dir found : /sys/bus/event_source/devices/tracepoint
36 [47998336212224] WARN perfrun.perfcollector <> - format subdir doesn't exist, at file: vcs/perfrun1/plugins/perfcollector/src/controller.cpp:605
36 [47998336212224] WARN perfrun.perfcollector <> - pmu hwInfo is not set, at file: vcs/perfrun1/plugins/perfcollector/src/controller.cpp:689
36 [47998336212224] INFO perfrun.perfcollector <> - pmu added : family : tracepoint , id : 0
36 [47998336212224] INFO perfrun.perfcollector <> - dir found : /sys/bus/event_source/devices/intel_bts
36 [47998336212224] WARN perfrun.perfcollector <> - format subdir doesn't exist, at file: vcs/perfrun1/plugins/perfcollector/src/controller.cpp:605
36 [47998336212224] WARN perfrun.perfcollector <> - pmu hwInfo is not set, at file: vcs/perfrun1/plugins/perfcollector/src/controller.cpp:689
36 [47998336212224] INFO perfrun.perfcollector <> - pmu added : family : intel_bts , id : 0
36 [47998336212224] INFO perfrun.perfcollector <> - dir found : /sys/bus/event_source/devices/intel_cqm
36 [47998336212224] INFO perfrun.perfcollector <> - format: event config:0-7 mask:0-7
36 [47998336212224] WARN perfrun.perfcollector <> - pmu hwInfo is not set, at file: vcs/perfrun1/plugins/perfcollector/src/controller.cpp:689
36 [47998336212224] INFO perfrun.perfcollector <> - pmu added : family : intel_cqm , id : 0
36 [47998336212224] INFO perfrun.perfcollector <> - dir found : /sys/bus/event_source/devices/breakpoint
36 [47998336212224] WARN perfrun.perfcollector <> - format subdir doesn't exist, at file: vcs/perfrun1/plugins/perfcollector/src/controller.cpp:605
36 [47998336212224] WARN perfrun.perfcollector <> - pmu hwInfo is not set, at file: vcs/perfrun1/plugins/perfcollector/src/controller.cpp:689
36 [47998336212224] INFO perfrun.perfcollector <> - pmu added : family : breakpoint , id : 0
36 [47998336212224] INFO perfrun.perfcollector <> - dir found : /sys/bus/event_source/devices/intel_pt
36 [47998336212224] INFO perfrun.perfcollector <> - format: cyc config:1 mask:1
36 [47998336212224] INFO perfrun.perfcollector <> - format: mtc config:9 mask:9
37 [47998336212224] INFO perfrun.perfcollector <> - format: tsc config:10 mask:10
37 [47998336212224] INFO perfrun.perfcollector <> - format: psb_period config:24-27 mask:24-27
37 [47998336212224] INFO perfrun.perfcollector <> - format: noretcomp config:11 mask:11
37 [47998336212224] INFO perfrun.perfcollector <> - format: mtc_period config:14-17 mask:14-17
37 [47998336212224] INFO perfrun.perfcollector <> - format: cyc_thresh config:19-22 mask:19-22
37 [47998336212224] WARN perfrun.perfcollector <> - pmu hwInfo is not set, at file: vcs/perfrun1/plugins/perfcollector/src/controller.cpp:689
37 [47998336212224] INFO perfrun.perfcollector <> - pmu added : family : intel_pt , id : 0
37 [47998336212224] INFO perfrun.launcher <> - plugin perf has been added successfully
37 [47998336212224] INFO perfrun.launcher <> - plugin tpss has been added successfully
37 [47998336212224] INFO perfrun.launcher <> - plugin exprof has been added successfully
37 [47998336212224] INFO perfrun.launcher <> - plugin media has been added successfully
37 [47998336212224] INFO perfrun.launcher <> - plugin ice has been added successfully
37 [47998336212224] INFO perfrun.launcher <> - plugin  has been added successfully
37 [47998336212224] INFO perfrun.launcher <> - plugin  has been added successfully
37 [47998336212224] INFO perfrun.launcher <> - plugin parallelfs has been added successfully
37 [47998336212224] INFO perfrun.launcher <> - plugin power has been added successfully
37 [47998336212224] INFO perfrun.launcher <> - the option was added --interval: Specify an interval of data collection (for example, sampling) in milliseconds.
37 [47998336212224] INFO perfrun.launcher <> - the option was added --follow-child: Profile process with or without children.
38 [47998336212224] INFO perfrun.launcher <> - the option was added --gelding: BADMSG: perfrun1.launcher.plugin_manager::gelding
38 [47998336212224] INFO perfrun.launcher <> - the option was added --time-source: Specify time source for measurement. Possible values: sys - wall clock time; tsc - time stamp counter; ext - time from an external source; auto - auto select accurate time source.
38 [47998336212224] INFO perfrun.launcher <> - the option was added --stack: Enable or disable collection of stacks.
38 [47998336212224] INFO perfrun.launcher <> - the option was added --stack-stitching: Enable or disable the stack stitching algorithm for Intel TBB-based applications.
38 [47998336212224] INFO perfrun.launcher <> - the option was added --type: Specify type of data to be collected. For example, --type cpu:counters,waiting:nostack,io.
38 [47998336212224] INFO perfrun.launcher <> - the option was added --mrte-mode: Specify Java/.NET/other managed runtime collection mode. Possible values: native - collect information only for native code; managed - collect information only for managed code; mixed - collect information for both managed and native code; auto - choose the mode based on binary type.
38 [47998336212224] INFO perfrun.launcher <> - the option was added --mrte-mode-list: List supported Java/.NET/other managed runtime collection modes.
38 [47998336212224] INFO perfrun.launcher <> - the option was added --mrte-type: Specify which managed runtimes to collect. Possible values: java - collect information for Java; dotnet - collect information for .NET; python - collect information for CPython. You can specify several values separated by comma.
38 [47998336212224] INFO perfrun.launcher <> - the option was added --mrte-type-list: List supported Java/.NET/other managed runtime types.
38 [47998336212224] INFO perfrun.launcher <> - the option was added --trace-strategy: Specify how to profile a process tree. <string> can be "<process>:trace:notrace" - profile the process but do not profile its children. Shorthand parameters: t - trace, nt - notrace. For example, "vtunedemo.exe:t:t".
38 [47998336212224] INFO perfrun.launcher <> - the option was added --collector: BADMSG: perfrun1.launcher.plugin_manager::collector
38 [47998336212224] INFO perfrun.launcher <> - the option was added --system-wide: Enable system-wide profiling. This mode may require additional permissions.
38 [47998336212224] INFO perfrun.launcher <> - the option was added --kvm-guest: Enable KVM guest OS profiling.
38 [47998336212224] INFO perfrun.launcher <> - the option was added --kvm-guest-kallsyms: Specify a local path to the /proc/kallsyms file copied from the guest OS for proper symbol resolution.
38 [47998336212224] INFO perfrun.launcher <> - the option was added --kvm-guest-modules: Specify a local path to the /proc/modules file copied from the guest OS for proper symbol resolution.
38 [47998336212224] INFO perfrun.launcher <> - the option was added --dump-vdso: Dump [vdso] to result directory
38 [47998336212224] INFO perfrun.launcher <> - the option was added --bandwidth-limits: Measure bandwidth limits
38 [47998336212224] INFO perfrun.launcher <> - the option was added --acrn-map-info: Collect map info for ACRN
38 [47998336212224] INFO perfrun.launcher <> - the option was added --bandwidth-strategy: Bandwidth limits determination specific properties (example: --bandwidth-strategy array-size=0,duration=500).
38 [47998336212224] INFO perfrun.launcher <> - the option was added --bandwidth-config: List of benchmarks to run.
38 [47998336212224] INFO perfrun.launcher <> - the option was added --system-collector-config: Specify subcollectors. Possible values: all, vdso, container, device-info, none.
38 [47998336212224] INFO perfrun.launcher <> - the option was added --itt-config: Specify a sub-set of ITT API to collect.
39 [47998336212224] INFO perfrun.launcher <> - the option was added --itt-debug: Set pseudo-breakpoint at ITT API collector's start to enable the debugger to attach early.
39 [47998336212224] INFO perfrun.launcher <> - the option was added --ptrace: Ptrace collector.
39 [47998336212224] INFO perfrun.launcher <> - the option was added --target-pid: BADMSG: perfrun1.ptracecollector::target-pid
39 [47998336212224] INFO perfrun.launcher <> - the option was added --ptrace-server-pid: BADMSG: perfrun1.ptracecollector::ptrace-server-pid
39 [47998336212224] INFO perfrun.launcher <> - the option was added --ptrace-trace: BADMSG: perfrun1.ptracecollector::ptrace-trace
39 [47998336212224] INFO perfrun.launcher <> - the option was added --ptrace-time-source: BADMSG: perfrun1.ptracecollector::ptrace-time-source
39 [47998336212224] INFO perfrun.launcher <> - the option was added --ptrace-start-type: BADMSG: perfrun1.ptracecollector::ptrace-start-type
39 [47998336212224] INFO perfrun.launcher <> - the option was added --gpu-config: Specify types of GPU data to be collected. Possible values: preset1, preset2.
39 [47998336212224] INFO perfrun.launcher <> - the option was added --gpu-debug: Enable self-testing of the GPGPU profiling collector.
39 [47998336212224] INFO perfrun.launcher <> - the option was added --custom-collector: Allows to provide arbitrary command line to be run on collection steps.
39 [47998336212224] INFO perfrun.launcher <> - the option was added --stdsrc-config: Specify Standard Sources category tag(s).
39 [47998336212224] INFO perfrun.launcher <> - the option was added --ftrace-config-list: List Linux Ftrace category tag(s).
39 [47998336212224] INFO perfrun.launcher <> - the option was added --ftrace-config: Specify Linux Ftrace category tag(s).
39 [47998336212224] INFO perfrun.launcher <> - the option was added --ftrace-function-groups: Enable tracing of specific groups of functions.
39 [47998336212224] INFO perfrun.launcher <> - the option was added --event-info: BADMSG: perfrun1.stdsrc::event-info
39 [47998336212224] INFO perfrun.launcher <> - the option was added --cpu-list: List supported CPUs.
39 [47998336212224] INFO perfrun.launcher <> - the option was added --target-list: List available targets for performing sampling collection.
39 [47998336212224] INFO perfrun.launcher <> - the option was added --event-value-list: Display event information.
39 [47998336212224] INFO perfrun.launcher <> - the option was added --platform-value-list: Display details of supported platforms.
39 [47998336212224] INFO perfrun.launcher <> - the option was added --uncore-event-list: List uncore events for which a sampling data collection can be performed on this platform.
39 [47998336212224] INFO perfrun.launcher <> - the option was added --modifier-list: Specify the event name <string> for which the modifiers list is requested.
39 [47998336212224] INFO perfrun.launcher <> - the option was added --pmu-list: List supported PMUs.
40 [47998336212224] INFO perfrun.launcher <> - the option was added --os-mode-only: Enable sampling data collection for OS-mode processes only.
40 [47998336212224] INFO perfrun.launcher <> - the option was added --user-mode-only: Enable sampling data collection for user-mode processes only.
40 [47998336212224] INFO perfrun.launcher <> - the option was added --event-config: Perform data collection for the events with <string> configured using the format <event name1>":modifier1=val:modifier2=val/constraint1={:modifier3=val:modifier4=val}...,"<event name2>":... Specify the events(s) to monitor and embed the event names within double quotes("). [:modifier=val] specifies individual event modifiers along with the respective values for a given platform. Note that the modifiers can be generic to an event as well as specific to a constraint (or an event qualifier). The constraint specific special modifiers appear after [/constraint=]. The modifiers can be in decimal or hexadecimal format. Only specific modifiers accept the value as a string. Each event specification is delimited by a comma (,). For a list of supported modifiers and constraints, refer to the documentation.
40 [47998336212224] INFO perfrun.launcher <> - the option was added --chipset-event-config: Perform data collection for the chipset events with <string> configured using the format "<event name1>"...,"<event name2>":... Specify the events(s) to monitor and embed the event names within double quotes(").
40 [47998336212224] INFO perfrun.launcher <> - the option was added --uncore-event-config: Perform uncore data collection in ebc count mode for the events with <string> configured using the format "<event name1>"...,"<event name2>":... Specify the events(s) to monitor and embed the event names within double quotes(").
40 [47998336212224] INFO perfrun.launcher <> - the option was added --count-emon: Enable counting mode and output the data in EMON format.
40 [47998336212224] INFO perfrun.launcher <> - the option was added --event-based-counts: Enable event-based counting mode. During sampling data collection, event counts data is collected for the list of events specified in -event-config option.
40 [47998336212224] INFO perfrun.launcher <> - the option was added --event-mux-tfactor: Specify the event multiplexing tfactor as <integer> to set the length of the interval between interrupts. The larger the tfactor value, the larger the period between interrupts. Currently this option is only available on Intel platforms codenamed Knights Corner.
40 [47998336212224] INFO perfrun.launcher <> - the option was added --full-pebs-capture: Capture full pebs information.
40 [47998336212224] INFO perfrun.launcher <> - the option was added --last-branch-records: Capture Last Branch Records information.
40 [47998336212224] INFO perfrun.launcher <> - the option was added --pmu-type: Specify the targeted PMU name as <string>.
40 [47998336212224] INFO perfrun.launcher <> - the option was added --platform-type: Specify the targeted platform number as <number>.
40 [47998336212224] INFO perfrun.launcher <> - the option was added --p-state-trigger: Specify the name of the trigger event for P-state data as <string>. The default trigger is CPU_CLK_UNHALTED.REF_TSC.
40 [47998336212224] INFO perfrun.launcher <> - the option was added --bts-count: Specify the <integer> number of BTS records collected after each sample or context switch (VTSS++ only).
40 [47998336212224] INFO perfrun.launcher <> - the option was added --cpu-mask: Specify which CPU(s) <string> to collect data on. For example, specify "2-8,10,12-14" to sample only CPUs 2 through 8, 10, and 12 through 14.
40 [47998336212224] INFO perfrun.launcher <> - the option was added --event-mux-alg: Specify the event multiplexing algorithm. Possible values: sequence, timer, trigger.
40 [47998336212224] INFO perfrun.launcher <> - the option was added --event-mux-timeslice: Specify the event multiplexing time slice value as <integer>. The time slice specifies the duration between cycles for each event multiplexing group. The default value is 50 milliseconds. This option is valid only for timer-based event multiplexing. Specify the event multiplexing time slice value as <integer>. The time slice specifies the duration between cycles for each event multiplexing group. The default value is 1 millisecond. This option is valid only for timer-based event multiplexing.
40 [47998336212224] INFO perfrun.launcher <> - the option was added --event-mux-factor: Specify the event multiplexing factor as <integer>. It controls the switching of event multiplexing groups. The default factor is 50. This option is valid only for trigger-based event multiplexing. Specify the event multiplexing factor as <integer>. It controls the switching of event multiplexing groups. The default factor is 1. This option is valid only for trigger-based event multiplexing.
40 [47998336212224] INFO perfrun.launcher <> - the option was added --event-mux-trigger: Specify the name of the trigger event for event multiplexing as <string>. This option is valid only for trigger-based event multiplexing. The default trigger is CPU_CLK_UNHALTED.CORE (or CPU_CLK_UNHALTED.THREAD). BADMSG: perfrun1.vtsspp::event-mux-trigger
40 [47998336212224] INFO perfrun.launcher <> - the option was added --pt-mode: BADMSG: perfrun1.vtsspp::pt-mode
40 [47998336212224] INFO perfrun.launcher <> - the option was added --sample-after-multiplier: Specify the sample after multiplier as <double>. This multiplier modifies the sample after value for all the events specified in -event-config option. The values can range from 0.1 to 100.0. SAV multiplier value
40 [47998336212224] INFO perfrun.launcher <> - the option was added --uncore-sampling-interval: Specify the uncore sampling interval as <integer>. This value set the uncore sampling interval for all the uncore events specified in -event-config option.
41 [47998336212224] INFO perfrun.launcher <> - the option was added --count: Enable counting mode. Enable counting mode
41 [47998336212224] INFO perfrun.launcher <> - the option was added --trace-mpi: Configure collector to trace MPI code.
41 [47998336212224] INFO perfrun.launcher <> - the option was added --raw-perf-config: Specify a verified configuration for the Perf collector in the format: <describer>,<content>. For example: map-events-file,<path_to_map_events_file>.
41 [47998336212224] INFO perfrun.launcher <> - the option was added --sys-config: BADMSG: perfrun1.vtsspp::sys-config Specify types of system data to be collected. Supported value: cswitch - collect context switch information.
41 [47998336212224] INFO perfrun.launcher <> - the option was added --perf-event-config: Specify events for Perf collector in Perf format. For example: perf-event-config=cpu-clock.
41 [47998336212224] INFO perfrun.launcher <> - the option was added --perf-aio: Number of control blocks in asynchronous trace writing mode.
41 [47998336212224] INFO perfrun.launcher <> - the option was added --perf-compression: Specify compression of Perf collector output data. Possible levels: 0 - without compression, 1..3 - best speed, 4..22 - best compression that incurs big overhead.
41 [47998336212224] INFO perfrun.launcher <> - the option was added --perf-min-mmap-read: Minimum data size read from the kernel mapped region.
41 [47998336212224] INFO perfrun.launcher <> - the option was added --perf-affinity: Adjust an affinity mask of the Perf thread to a node with an allocated memory trace buffer.
41 [47998336212224] INFO perfrun.launcher <> - the option was added --stackwalk: Specify stack unwinding method. Possible values: online - unwind stacks during collection; offline - unwind stacks after collection is finished. Specify stack unwinding method. Possible value: lbr - unwind stacks during collection. Specify stack unwinding method. Possible values: online - unwind stacks during collection; offline - unwind stacks after collection is finished; lbr - enable LBR-based call stack collection. Specify stack unwinding method. Possible values: online - unwind stacks during collection; offline - unwind stacks after collection is finished. Specify stack unwinding method. Possible values: online - unwind stacks during collection; offline - unwind stacks after collection is finished.
41 [47998336212224] INFO perfrun.launcher <> - the option was added --filter-include: Filter data during collection. Possible values: contended=<on|off> - filter out uncontended events; contended_nostack=<time> - filter out stacks for contended events that take less than <time> microseconds; wait=<time> - ignore transitions and blocks with wait time less than <time> microseconds; wait_nostack=<time> - filter out stacks for waits that take less than <time> microseconds.
41 [47998336212224] INFO perfrun.launcher <> - the option was added --debug-pin: Debug PIN tool and runtime.
41 [47998336212224] INFO perfrun.launcher <> - the option was added --debug-exception: Disallow the application to set own abnormal termination handler.
41 [47998336212224] INFO perfrun.launcher <> - the option was added --trace-type: Specify the trace file granularity. Possible values: per-thread - per-thread trace file generation; per-process - per-process trace file generation.
41 [47998336212224] INFO perfrun.launcher <> - the option was added --instrumentation-type: Specify type of instrumentation.
41 [47998336212224] INFO perfrun.launcher <> - the option was added --altstack: Enable or disable usage of altstacks for profiling signal handlers.
41 [47998336212224] INFO perfrun.launcher <> - the option was added --profiling-signal: BADMSG: perfrun1.ptracecollector::profiling-signal Alternate profiling signal.
41 [47998336212224] INFO perfrun.launcher <> - the option was added --memory-strategy: Specify a minimal memory object size to be traced and a hash table size for faster objects search; for example: --memory-strategy obj-size-min=1024,hash-table-size=4096.
41 [47998336212224] INFO perfrun.launcher <> - the option was added --gpu-profiling-config: Specify a type of deep GPU profiling applied for all kernels and a comma-separated list of GPU kernel names and invocations in the following format: profiling_type[@kernel_name[:start_idx:step:stop_idx]], where profiling_type is one of following: none, bblatency, memlatency; kernel_name is the name of GPU kernel; start_idx is the number of the first invocation; and stop_idx is the number of the last invocation to be profiled.
41 [47998336212224] INFO perfrun.launcher <> - the option was added --opencl-trace-mode: Specify OpenCL kernel tracing modes: 'default' to trace OpenCL kernels for Intel Graphics Driver only; 'epoch' for any non-Intel graphics, where OpenCL kernels will be traced and OpenCL profiling API timestamps will be interpreted as Unux Epoch time in nanoseconds; 'completion' to trace OpenCL kernels for any Graphics Driver and bind OpenCL profiling API timestamps to the timestamp of OpenCL completion callback.
42 [47998336212224] INFO perfrun.launcher <> - the option was added --exprof-com-list: List available COM ports.
42 [47998336212224] INFO perfrun.launcher <> - the option was added --exprof-dvc-list: List available DvC IDs.
42 [47998336212224] INFO perfrun.launcher <> - the option was added --exprof-trace-channel: BADMSG: perfrun1.exprof::exprof-trace-channel
42 [47998336212224] INFO perfrun.launcher <> - the option was added --exprof-event-config: Specify ExactProfiling Event Classes.
42 [47998336212224] INFO perfrun.launcher <> - the option was added --ice-pmons-list: BADMSG: perfrun1.ice::ice-pmons-list
42 [47998336212224] INFO perfrun.launcher <> - the option was added --ice-pmons-config: BADMSG: perfrun1.ice::ice-pmons-config
42 [47998336212224] INFO perfrun.launcher <> - the option was added --parallel-fs-config: Specify parallel fs counters to collect.
42 [47998336212224] INFO perfrun.launcher <> - the option was added --pwr-config: BADMSG: perfrun1.vtsspp::pwr-config Specify power metrics configuration.
42 [47998336212224] INFO perfrun.launcher <> - the option was added --socwatch-dir: Specify a directory where Intel SoC Watch collector is installed.
45 [47998336212224] INFO perfrun.launcher <> - create msngr2::ICliToolContext
45 [47998336212224] WARN perfrun.launcher <> - The same value is already set for this option. This value is ignored., at file: vcs/perfrun1/launcher/src/configuration.cpp:808
45 [47998336212224] INFO perfrun.launcher <> - create file finder object
46 [47998336212224] INFO perfrun.launcher <> - create a result directory: pattern = /okyanus/users/yatmaca/C-NFA-3150/r004hs pid = 4294967295
48 [47998336212224] INFO perfrun.sdk <> - checked that the directory /okyanus/users/yatmaca/C-NFA-3150/r004hs is a local directory
49 [47998336212224] INFO perfrun.sdk <> - the directory /okyanus/users/yatmaca/C-NFA-3150/r004hs is located on a share or its FS ID is unknown 198183888
49 [47998336212224] INFO perfrun.sdk <> - checked that the directory /tmp/amplxe-tmp-yatmaca is a local directory
49 [47998336212224] INFO perfrun.sdk <> - the directory /tmp/amplxe-tmp-yatmaca is a local directory with FS type ID 61267
49 [47998336212224] INFO perfrun.launcher <> - Create a local result directory /tmp/amplxe-tmp-yatmaca/amplxe-res-91669-189557198174308 due to the user result path /okyanus/users/yatmaca/C-NFA-3150/r004hs is located on a share
49 [47998336212224] INFO perfrun.launcher <> - create data directory = /tmp/amplxe-tmp-yatmaca/amplxe-res-91669-189557198174308/data.0
49 [47998336212224] INFO perfrun.launcher <> - create data directory = /okyanus/users/yatmaca/C-NFA-3150/r004hs/data.0
50 [47998336212224] INFO perfrun.launcher <> - Creating the master collection flag
57 [47998336212224] INFO perfrun.launcher <> - Done creating the master collection flag
61 [47998448727808] INFO perfrun.launcher <> - plugin [remoteplug] was disabled because it doesn't support the given collection type.
65 [47998448727808] INFO perfrun.sdk <> - Allocating TMU :/tmp/amplxe-tmp-yatmaca/amplxe-res-91669-189557198174308/data.0/systemcollector-91669-s208.sc
66 [47998448727808] INFO perfrun.system <> - Tpss based collection
66 [47998448727808] INFO perfrun.launcher <> - plugin [ptracecollector] was disabled because it doesn't support the given collection type.
66 [47998448727808] INFO perfrun.launcher <> - plugin [gpu] was disabled because it doesn't support the given collection type.
66 [47998448727808] INFO perfrun.launcher <> - plugin [] was disabled because it doesn't support the given collection type.
66 [47998448727808] INFO perfrun.launcher <> - plugin [] was disabled because it doesn't support the given collection type.
66 [47998448727808] INFO perfrun.launcher <> - plugin [] was disabled because it doesn't support the given collection type.
66 [47998448727808] INFO perfrun.launcher <> - plugin [mrte] was disabled because it doesn't support the given collection type.
66 [47998448727808] INFO perfrun.launcher <> - plugin [emon] was disabled because it doesn't support the given collection type.
66 [47998448727808] INFO perfrun.launcher <> - plugin [cuscol] was disabled because it doesn't support the given collection type.
66 [47998448727808] INFO perfrun.launcher <> - plugin [stdsrc] was disabled because it doesn't support the given collection type.
66 [47998448727808] INFO perfrun.launcher <> - plugin [sep] was disabled because it doesn't support the given collection type.
66 [47998448727808] INFO perfrun.launcher <> - plugin [vtsspp] was disabled because it doesn't support the given collection type.
66 [47998448727808] INFO perfrun.perfcollector <> - SepDryRunCmd: /okyanus/progs/intel_parallel_studio/intel2019update4/vtune_amplifier_2019.4.0.597835/bin64/sep -dry-run -sam 1 -ec "CPU_CLK_UNHALTED.THREAD:sa=2400000,CPU_CLK_UNHALTED.REF_TSC:sa=2400000,INST_RETIRED.ANY:sa=2400000,CPU_CLK_UNHALTED.REF_XCLK:sa=100003,CPU_CLK_UNHALTED.ONE_THREAD_ACTIVE:sa=100003,FP_ARITH_INST_RETIRED.SCALAR_SINGLE:sa=2000003,FP_ARITH_INST_RETIRED.128B_PACKED_SINGLE:sa=2000003,FP_ARITH_INST_RETIRED.256B_PACKED_SINGLE:sa=2000003,FP_ARITH_INST_RETIRED.SCALAR_DOUBLE:sa=2000003,FP_ARITH_INST_RETIRED.128B_PACKED_DOUBLE:sa=2000003,FP_ARITH_INST_RETIRED.256B_PACKED_DOUBLE:sa=2000003,UOPS_EXECUTED.X87:sa=2000003,UOPS_RETIRED.RETIRE_SLOTS:sa=2000003,UOPS_EXECUTED.THREAD:sa=2000003,FP_ARITH_INST_RETIRED.512B_PACKED_DOUBLE:sa=2000003,FP_ARITH_INST_RETIRED.512B_PACKED_SINGLE:sa=2000003" -experimental
78 [47998448727808] INFO perfrun.perfcollector <> - SepDryRun RC = true
78 [47998448727808] INFO perfrun.perfcollector <> - DRY_RUN : "PMU type: Core"
82 [47998448727808] INFO perfrun.perfcollector <> - pmu type : cpu
82 [47998448727808] INFO perfrun.perfcollector <> - DRY_RUN : "Group 0:"
82 [47998448727808] INFO perfrun.perfcollector <> - id : 0
82 [47998448727808] INFO perfrun.perfcollector <> - DRY_RUN : "INST_RETIRED.ANY: event id 2"
82 [47998448727808] INFO perfrun.perfcollector <> - eventName : INST_RETIRED.ANY , eventId : 2
82 [47998448727808] INFO perfrun.perfcollector <> - DRY_RUN : "CPU_CLK_UNHALTED.THREAD: event id 0"
82 [47998448727808] INFO perfrun.perfcollector <> - eventName : CPU_CLK_UNHALTED.THREAD , eventId : 0
82 [47998448727808] INFO perfrun.perfcollector <> - DRY_RUN : "CPU_CLK_UNHALTED.REF_TSC: event id 1"
82 [47998448727808] INFO perfrun.perfcollector <> - eventName : CPU_CLK_UNHALTED.REF_TSC , eventId : 1
82 [47998448727808] INFO perfrun.perfcollector <> - DRY_RUN : "CPU_CLK_UNHALTED.REF_XCLK: event id 3"
82 [47998448727808] INFO perfrun.perfcollector <> - eventName : CPU_CLK_UNHALTED.REF_XCLK , eventId : 3
82 [47998448727808] INFO perfrun.perfcollector <> - DRY_RUN : "CPU_CLK_UNHALTED.ONE_THREAD_ACTIVE: event id 4"
82 [47998448727808] INFO perfrun.perfcollector <> - eventName : CPU_CLK_UNHALTED.ONE_THREAD_ACTIVE , eventId : 4
82 [47998448727808] INFO perfrun.perfcollector <> - DRY_RUN : "FP_ARITH_INST_RETIRED.SCALAR_SINGLE: event id 5"
82 [47998448727808] INFO perfrun.perfcollector <> - eventName : FP_ARITH_INST_RETIRED.SCALAR_SINGLE , eventId : 5
82 [47998448727808] INFO perfrun.perfcollector <> - DRY_RUN : "FP_ARITH_INST_RETIRED.128B_PACKED_SINGLE: event id 6"
82 [47998448727808] INFO perfrun.perfcollector <> - eventName : FP_ARITH_INST_RETIRED.128B_PACKED_SINGLE , eventId : 6
82 [47998448727808] INFO perfrun.perfcollector <> - DRY_RUN : "FP_ARITH_INST_RETIRED.256B_PACKED_SINGLE: event id 7"
82 [47998448727808] INFO perfrun.perfcollector <> - eventName : FP_ARITH_INST_RETIRED.256B_PACKED_SINGLE , eventId : 7
82 [47998448727808] INFO perfrun.perfcollector <> - DRY_RUN : "FP_ARITH_INST_RETIRED.SCALAR_DOUBLE: event id 8"
82 [47998448727808] INFO perfrun.perfcollector <> - eventName : FP_ARITH_INST_RETIRED.SCALAR_DOUBLE , eventId : 8
82 [47998448727808] INFO perfrun.perfcollector <> - DRY_RUN : "FP_ARITH_INST_RETIRED.128B_PACKED_DOUBLE: event id 9"
82 [47998448727808] INFO perfrun.perfcollector <> - eventName : FP_ARITH_INST_RETIRED.128B_PACKED_DOUBLE , eventId : 9
82 [47998448727808] INFO perfrun.perfcollector <> - DRY_RUN : "FP_ARITH_INST_RETIRED.256B_PACKED_DOUBLE: event id 10"
82 [47998448727808] INFO perfrun.perfcollector <> - eventName : FP_ARITH_INST_RETIRED.256B_PACKED_DOUBLE , eventId : 10
82 [47998448727808] INFO perfrun.perfcollector <> - DRY_RUN : "CCCR"
82 [47998448727808] INFO perfrun.perfcollector <> - DRY_RUN : "reg_type       = 1	event_id       = g	reg_id         = 38f	reg_value      = 7000000ff"
82 [47998448727808] INFO perfrun.perfcollector <> - eventId : g , ignored
82 [47998448727808] INFO perfrun.perfcollector <> - DRY_RUN : "reg_type       = 1	event_id       = g	reg_id         = 390	reg_value      = 7000000ff"
82 [47998448727808] INFO perfrun.perfcollector <> - eventId : g , ignored
82 [47998448727808] INFO perfrun.perfcollector <> - DRY_RUN : "reg_type       = 1	event_id       = g	reg_id         = 3f1	reg_value      = 0"
82 [47998448727808] INFO perfrun.perfcollector <> - eventId : g , ignored
82 [47998448727808] INFO perfrun.perfcollector <> - DRY_RUN : "reg_type       = 1	event_id       = g	reg_id         = 1d9	reg_value      = 1800"
82 [47998448727808] INFO perfrun.perfcollector <> - eventId : g , ignored
82 [47998448727808] INFO perfrun.perfcollector <> - DRY_RUN : "reg_type       = 1	event_id       = g	reg_id         = 38d	reg_value      = bbb"
82 [47998448727808] INFO perfrun.perfcollector <> - eventId : g , ignored
82 [47998448727808] INFO perfrun.perfcollector <> - DRY_RUN : "reg_type       = 1	event_id       = 3	reg_id         = 186	reg_value      = 53013c"
82 [47998448727808] INFO perfrun.perfcollector <> - eventId : 3 , cccrAddr : 186 , cccrVal : 53013c
82 [47998448727808] INFO perfrun.perfcollector <> - DRY_RUN : "reg_type       = 1	event_id       = 4	reg_id         = 187	reg_value      = 53023c"
82 [47998448727808] INFO perfrun.perfcollector <> - eventId : 4 , cccrAddr : 187 , cccrVal : 53023c
82 [47998448727808] INFO perfrun.perfcollector <> - DRY_RUN : "reg_type       = 1	event_id       = 5	reg_id         = 188	reg_value      = 5302c7"
82 [47998448727808] INFO perfrun.perfcollector <> - eventId : 5 , cccrAddr : 188 , cccrVal : 5302c7
82 [47998448727808] INFO perfrun.perfcollector <> - DRY_RUN : "reg_type       = 1	event_id       = 6	reg_id         = 189	reg_value      = 5308c7"
82 [47998448727808] INFO perfrun.perfcollector <> - eventId : 6 , cccrAddr : 189 , cccrVal : 5308c7
82 [47998448727808] INFO perfrun.perfcollector <> - DRY_RUN : "reg_type       = 1	event_id       = 7	reg_id         = 18a	reg_value      = 5320c7"
82 [47998448727808] INFO perfrun.perfcollector <> - eventId : 7 , cccrAddr : 18a , cccrVal : 5320c7
82 [47998448727808] INFO perfrun.perfcollector <> - DRY_RUN : "reg_type       = 1	event_id       = 8	reg_id         = 18b	reg_value      = 5301c7"
82 [47998448727808] INFO perfrun.perfcollector <> - eventId : 8 , cccrAddr : 18b , cccrVal : 5301c7
82 [47998448727808] INFO perfrun.perfcollector <> - DRY_RUN : "reg_type       = 1	event_id       = 9	reg_id         = 18c	reg_value      = 5304c7"
82 [47998448727808] INFO perfrun.perfcollector <> - eventId : 9 , cccrAddr : 18c , cccrVal : 5304c7
82 [47998448727808] INFO perfrun.perfcollector <> - DRY_RUN : "reg_type       = 1	event_id       = 10	reg_id         = 18d	reg_value      = 5310c7"
82 [47998448727808] INFO perfrun.perfcollector <> - eventId : 10 , cccrAddr : 18d , cccrVal : 5310c7
82 [47998448727808] INFO perfrun.perfcollector <> - DRY_RUN : "ESCR"
82 [47998448727808] INFO perfrun.perfcollector <> - DRY_RUN : "reg_type       = 2	event_id       = g	reg_id         = 1c8	reg_value      = 0"
82 [47998448727808] INFO perfrun.perfcollector <> - eventId : g , ignored
82 [47998448727808] INFO perfrun.perfcollector <> - DRY_RUN : "DATA"
82 [47998448727808] INFO perfrun.perfcollector <> - DRY_RUN : "reg_type       = 4	event_id       = 2	reg_id         = 309	reg_value      = ffffffdb6100"
82 [47998448727808] INFO perfrun.perfcollector <> - eventId : 2 , dataAddr : 309 , dataVal : ffffffdb6100
82 [47998448727808] INFO perfrun.perfcollector <> - DRY_RUN : "reg_type       = 4	event_id       = 0	reg_id         = 30a	reg_value      = ffffffdb6100"
82 [47998448727808] INFO perfrun.perfcollector <> - eventId : 0 , dataAddr : 30a , dataVal : ffffffdb6100
82 [47998448727808] INFO perfrun.perfcollector <> - DRY_RUN : "reg_type       = 4	event_id       = 1	reg_id         = 30b	reg_value      = ffffffdb6100"
82 [47998448727808] INFO perfrun.perfcollector <> - eventId : 1 , dataAddr : 30b , dataVal : ffffffdb6100
82 [47998448727808] INFO perfrun.perfcollector <> - DRY_RUN : "reg_type       = 4	event_id       = 3	reg_id         = c1	reg_value      = fffffffe795d"
82 [47998448727808] INFO perfrun.perfcollector <> - eventId : 3 , dataAddr : c1 , dataVal : fffffffe795d
82 [47998448727808] INFO perfrun.perfcollector <> - DRY_RUN : "reg_type       = 4	event_id       = 4	reg_id         = c2	reg_value      = fffffffe795d"
82 [47998448727808] INFO perfrun.perfcollector <> - eventId : 4 , dataAddr : c2 , dataVal : fffffffe795d
82 [47998448727808] INFO perfrun.perfcollector <> - DRY_RUN : "reg_type       = 4	event_id       = 5	reg_id         = c3	reg_value      = ffffffe17b7d"
82 [47998448727808] INFO perfrun.perfcollector <> - eventId : 5 , dataAddr : c3 , dataVal : ffffffe17b7d
82 [47998448727808] INFO perfrun.perfcollector <> - DRY_RUN : "reg_type       = 4	event_id       = 6	reg_id         = c4	reg_value      = ffffffe17b7d"
82 [47998448727808] INFO perfrun.perfcollector <> - eventId : 6 , dataAddr : c4 , dataVal : ffffffe17b7d
82 [47998448727808] INFO perfrun.perfcollector <> - DRY_RUN : "reg_type       = 4	event_id       = 7	reg_id         = c5	reg_value      = ffffffe17b7d"
82 [47998448727808] INFO perfrun.perfcollector <> - eventId : 7 , dataAddr : c5 , dataVal : ffffffe17b7d
82 [47998448727808] INFO perfrun.perfcollector <> - DRY_RUN : "reg_type       = 4	event_id       = 8	reg_id         = c6	reg_value      = ffffffe17b7d"
82 [47998448727808] INFO perfrun.perfcollector <> - eventId : 8 , dataAddr : c6 , dataVal : ffffffe17b7d
82 [47998448727808] INFO perfrun.perfcollector <> - DRY_RUN : "reg_type       = 4	event_id       = 9	reg_id         = c7	reg_value      = ffffffe17b7d"
82 [47998448727808] INFO perfrun.perfcollector <> - eventId : 9 , dataAddr : c7 , dataVal : ffffffe17b7d
82 [47998448727808] INFO perfrun.perfcollector <> - DRY_RUN : "reg_type       = 4	event_id       = 10	reg_id         = c8	reg_value      = ffffffe17b7d"
82 [47998448727808] INFO perfrun.perfcollector <> - eventId : 10 , dataAddr : c8 , dataVal : ffffffe17b7d
82 [47998448727808] INFO perfrun.perfcollector <> - DRY_RUN : "Group 1:"
82 [47998448727808] INFO perfrun.perfcollector <> - id : 1
82 [47998448727808] INFO perfrun.perfcollector <> - DRY_RUN : "INST_RETIRED.ANY: event id 2"
82 [47998448727808] INFO perfrun.perfcollector <> - eventName : INST_RETIRED.ANY , eventId : 2
82 [47998448727808] INFO perfrun.perfcollector <> - DRY_RUN : "CPU_CLK_UNHALTED.THREAD: event id 0"
82 [47998448727808] INFO perfrun.perfcollector <> - eventName : CPU_CLK_UNHALTED.THREAD , eventId : 0
82 [47998448727808] INFO perfrun.perfcollector <> - DRY_RUN : "CPU_CLK_UNHALTED.REF_TSC: event id 1"
82 [47998448727808] INFO perfrun.perfcollector <> - eventName : CPU_CLK_UNHALTED.REF_TSC , eventId : 1
82 [47998448727808] INFO perfrun.perfcollector <> - DRY_RUN : "UOPS_EXECUTED.X87: event id 11"
82 [47998448727808] INFO perfrun.perfcollector <> - eventName : UOPS_EXECUTED.X87 , eventId : 11
82 [47998448727808] INFO perfrun.perfcollector <> - DRY_RUN : "UOPS_RETIRED.RETIRE_SLOTS: event id 12"
82 [47998448727808] INFO perfrun.perfcollector <> - eventName : UOPS_RETIRED.RETIRE_SLOTS , eventId : 12
82 [47998448727808] INFO perfrun.perfcollector <> - DRY_RUN : "UOPS_EXECUTED.THREAD: event id 13"
82 [47998448727808] INFO perfrun.perfcollector <> - eventName : UOPS_EXECUTED.THREAD , eventId : 13
82 [47998448727808] INFO perfrun.perfcollector <> - DRY_RUN : "FP_ARITH_INST_RETIRED.512B_PACKED_DOUBLE: event id 14"
82 [47998448727808] INFO perfrun.perfcollector <> - eventName : FP_ARITH_INST_RETIRED.512B_PACKED_DOUBLE , eventId : 14
82 [47998448727808] INFO perfrun.perfcollector <> - DRY_RUN : "FP_ARITH_INST_RETIRED.512B_PACKED_SINGLE: event id 15"
82 [47998448727808] INFO perfrun.perfcollector <> - eventName : FP_ARITH_INST_RETIRED.512B_PACKED_SINGLE , eventId : 15
82 [47998448727808] INFO perfrun.perfcollector <> - DRY_RUN : "CCCR"
82 [47998448727808] INFO perfrun.perfcollector <> - DRY_RUN : "reg_type       = 1	event_id       = g	reg_id         = 38f	reg_value      = 70000001f"
82 [47998448727808] INFO perfrun.perfcollector <> - eventId : g , ignored
82 [47998448727808] INFO perfrun.perfcollector <> - DRY_RUN : "reg_type       = 1	event_id       = g	reg_id         = 390	reg_value      = 70000001f"
82 [47998448727808] INFO perfrun.perfcollector <> - eventId : g , ignored
82 [47998448727808] INFO perfrun.perfcollector <> - DRY_RUN : "reg_type       = 1	event_id       = g	reg_id         = 3f1	reg_value      = 0"
82 [47998448727808] INFO perfrun.perfcollector <> - eventId : g , ignored
82 [47998448727808] INFO perfrun.perfcollector <> - DRY_RUN : "reg_type       = 1	event_id       = g	reg_id         = 1d9	reg_value      = 1800"
82 [47998448727808] INFO perfrun.perfcollector <> - eventId : g , ignored
82 [47998448727808] INFO perfrun.perfcollector <> - DRY_RUN : "reg_type       = 1	event_id       = g	reg_id         = 38d	reg_value      = bbb"
83 [47998448727808] INFO perfrun.perfcollector <> - eventId : g , ignored
83 [47998448727808] INFO perfrun.perfcollector <> - DRY_RUN : "reg_type       = 1	event_id       = 11	reg_id         = 186	reg_value      = 5310b1"
83 [47998448727808] INFO perfrun.perfcollector <> - eventId : 11 , cccrAddr : 186 , cccrVal : 5310b1
83 [47998448727808] INFO perfrun.perfcollector <> - DRY_RUN : "reg_type       = 1	event_id       = 12	reg_id         = 187	reg_value      = 5302c2"
83 [47998448727808] INFO perfrun.perfcollector <> - eventId : 12 , cccrAddr : 187 , cccrVal : 5302c2
83 [47998448727808] INFO perfrun.perfcollector <> - DRY_RUN : "reg_type       = 1	event_id       = 13	reg_id         = 188	reg_value      = 5301b1"
83 [47998448727808] INFO perfrun.perfcollector <> - eventId : 13 , cccrAddr : 188 , cccrVal : 5301b1
83 [47998448727808] INFO perfrun.perfcollector <> - DRY_RUN : "reg_type       = 1	event_id       = 14	reg_id         = 189	reg_value      = 5340c7"
83 [47998448727808] INFO perfrun.perfcollector <> - eventId : 14 , cccrAddr : 189 , cccrVal : 5340c7
83 [47998448727808] INFO perfrun.perfcollector <> - DRY_RUN : "reg_type       = 1	event_id       = 15	reg_id         = 18a	reg_value      = 5380c7"
83 [47998448727808] INFO perfrun.perfcollector <> - eventId : 15 , cccrAddr : 18a , cccrVal : 5380c7
83 [47998448727808] INFO perfrun.perfcollector <> - DRY_RUN : "ESCR"
83 [47998448727808] INFO perfrun.perfcollector <> - DRY_RUN : "reg_type       = 2	event_id       = g	reg_id         = 1c8	reg_value      = 0"
83 [47998448727808] INFO perfrun.perfcollector <> - eventId : g , ignored
83 [47998448727808] INFO perfrun.perfcollector <> - DRY_RUN : "DATA"
83 [47998448727808] INFO perfrun.perfcollector <> - DRY_RUN : "reg_type       = 4	event_id       = 2	reg_id         = 309	reg_value      = ffffffdb6100"
83 [47998448727808] INFO perfrun.perfcollector <> - eventId : 2 , dataAddr : 309 , dataVal : ffffffdb6100
83 [47998448727808] INFO perfrun.perfcollector <> - DRY_RUN : "reg_type       = 4	event_id       = 0	reg_id         = 30a	reg_value      = ffffffdb6100"
83 [47998448727808] INFO perfrun.perfcollector <> - eventId : 0 , dataAddr : 30a , dataVal : ffffffdb6100
83 [47998448727808] INFO perfrun.perfcollector <> - DRY_RUN : "reg_type       = 4	event_id       = 1	reg_id         = 30b	reg_value      = ffffffdb6100"
83 [47998448727808] INFO perfrun.perfcollector <> - eventId : 1 , dataAddr : 30b , dataVal : ffffffdb6100
83 [47998448727808] INFO perfrun.perfcollector <> - DRY_RUN : "reg_type       = 4	event_id       = 11	reg_id         = c1	reg_value      = ffffffe17b7d"
83 [47998448727808] INFO perfrun.perfcollector <> - eventId : 11 , dataAddr : c1 , dataVal : ffffffe17b7d
83 [47998448727808] INFO perfrun.perfcollector <> - DRY_RUN : "reg_type       = 4	event_id       = 12	reg_id         = c2	reg_value      = ffffffe17b7d"
83 [47998448727808] INFO perfrun.perfcollector <> - eventId : 12 , dataAddr : c2 , dataVal : ffffffe17b7d
83 [47998448727808] INFO perfrun.perfcollector <> - DRY_RUN : "reg_type       = 4	event_id       = 13	reg_id         = c3	reg_value      = ffffffe17b7d"
83 [47998448727808] INFO perfrun.perfcollector <> - eventId : 13 , dataAddr : c3 , dataVal : ffffffe17b7d
83 [47998448727808] INFO perfrun.perfcollector <> - DRY_RUN : "reg_type       = 4	event_id       = 14	reg_id         = c4	reg_value      = ffffffe17b7d"
83 [47998448727808] INFO perfrun.perfcollector <> - eventId : 14 , dataAddr : c4 , dataVal : ffffffe17b7d
83 [47998448727808] INFO perfrun.perfcollector <> - DRY_RUN : "reg_type       = 4	event_id       = 15	reg_id         = c5	reg_value      = ffffffe17b7d"
83 [47998448727808] INFO perfrun.perfcollector <> - eventId : 15 , dataAddr : c5 , dataVal : ffffffe17b7d
83 [47998448727808] INFO perfrun.perfcollector <> - pmu config : cpu , m_cccrAddr : ffffffff , m_cccrVal : 0 , m_escrAddr : ffffffff , m_escrVal : 0 , m_dataAddr : 30a , m_dataVal : ffffffffffdb6100
83 [47998448727808] INFO perfrun.perfcollector <> - config : pc : 0
83 [47998448727808] INFO perfrun.perfcollector <> - config : any : 0
83 [47998448727808] INFO perfrun.perfcollector <> - config : inv : 0
83 [47998448727808] INFO perfrun.perfcollector <> - config : edge : 0
83 [47998448727808] INFO perfrun.perfcollector <> - config : cmask : 0
83 [47998448727808] INFO perfrun.perfcollector <> - config : event : 3c
83 [47998448727808] INFO perfrun.perfcollector <> - config : in_tx : 0
83 [47998448727808] INFO perfrun.perfcollector <> - config1 : ldlat : 0
83 [47998448727808] INFO perfrun.perfcollector <> - config : umask : 0
83 [47998448727808] INFO perfrun.perfcollector <> - config : in_tx_cp : 0
83 [47998448727808] INFO perfrun.perfcollector <> - config1 : frontend : 0
83 [47998448727808] INFO perfrun.perfcollector <> - config1 : offcore_rsp : 0
83 [47998448727808] INFO perfrun.perfcollector <> - format : cpu/event=0x3c,name='CPU_CLK_UNHALTED.THREAD'/D
83 [47998448727808] INFO perfrun.perfcollector <> - pmu config : cpu , m_cccrAddr : ffffffff , m_cccrVal : 0 , m_escrAddr : ffffffff , m_escrVal : 0 , m_dataAddr : 30b , m_dataVal : ffffffffffdb6100
83 [47998448727808] INFO perfrun.perfcollector <> - config : pc : 0
83 [47998448727808] INFO perfrun.perfcollector <> - config : any : 0
83 [47998448727808] INFO perfrun.perfcollector <> - config : inv : 0
83 [47998448727808] INFO perfrun.perfcollector <> - config : edge : 0
83 [47998448727808] INFO perfrun.perfcollector <> - config : cmask : 0
83 [47998448727808] INFO perfrun.perfcollector <> - config : event : 0
83 [47998448727808] INFO perfrun.perfcollector <> - config : in_tx : 0
83 [47998448727808] INFO perfrun.perfcollector <> - config1 : ldlat : 0
83 [47998448727808] INFO perfrun.perfcollector <> - config : umask : 3
83 [47998448727808] INFO perfrun.perfcollector <> - config : in_tx_cp : 0
83 [47998448727808] INFO perfrun.perfcollector <> - config1 : frontend : 0
83 [47998448727808] INFO perfrun.perfcollector <> - config1 : offcore_rsp : 0
83 [47998448727808] INFO perfrun.perfcollector <> - format : cpu/umask=0x3,name='CPU_CLK_UNHALTED.REF_TSC'/D
83 [47998448727808] INFO perfrun.perfcollector <> - pmu config : cpu , m_cccrAddr : ffffffff , m_cccrVal : 0 , m_escrAddr : ffffffff , m_escrVal : 0 , m_dataAddr : 309 , m_dataVal : ffffffffffdb6100
83 [47998448727808] INFO perfrun.perfcollector <> - config : pc : 0
83 [47998448727808] INFO perfrun.perfcollector <> - config : any : 0
83 [47998448727808] INFO perfrun.perfcollector <> - config : inv : 0
83 [47998448727808] INFO perfrun.perfcollector <> - config : edge : 0
83 [47998448727808] INFO perfrun.perfcollector <> - config : cmask : 0
83 [47998448727808] INFO perfrun.perfcollector <> - config : event : c0
83 [47998448727808] INFO perfrun.perfcollector <> - config : in_tx : 0
83 [47998448727808] INFO perfrun.perfcollector <> - config1 : ldlat : 0
83 [47998448727808] INFO perfrun.perfcollector <> - config : umask : 0
83 [47998448727808] INFO perfrun.perfcollector <> - config : in_tx_cp : 0
83 [47998448727808] INFO perfrun.perfcollector <> - config1 : frontend : 0
83 [47998448727808] INFO perfrun.perfcollector <> - config1 : offcore_rsp : 0
83 [47998448727808] INFO perfrun.perfcollector <> - format : cpu/event=0xc0,name='INST_RETIRED.ANY'/D
83 [47998448727808] INFO perfrun.perfcollector <> - pmu config : cpu , m_cccrAddr : 186 , m_cccrVal : 53013c , m_escrAddr : ffffffff , m_escrVal : 0 , m_dataAddr : c1 , m_dataVal : fffffffffffe795d
83 [47998448727808] INFO perfrun.perfcollector <> - config : pc : 0
83 [47998448727808] INFO perfrun.perfcollector <> - config : any : 0
83 [47998448727808] INFO perfrun.perfcollector <> - config : inv : 0
83 [47998448727808] INFO perfrun.perfcollector <> - config : edge : 0
83 [47998448727808] INFO perfrun.perfcollector <> - config : cmask : 0
83 [47998448727808] INFO perfrun.perfcollector <> - config : event : 3c
83 [47998448727808] INFO perfrun.perfcollector <> - config : in_tx : 0
83 [47998448727808] INFO perfrun.perfcollector <> - config1 : ldlat : 0
83 [47998448727808] INFO perfrun.perfcollector <> - config : umask : 1
83 [47998448727808] INFO perfrun.perfcollector <> - config : in_tx_cp : 0
83 [47998448727808] INFO perfrun.perfcollector <> - config1 : frontend : 0
83 [47998448727808] INFO perfrun.perfcollector <> - config1 : offcore_rsp : 0
83 [47998448727808] INFO perfrun.perfcollector <> - format : cpu/event=0x3c,umask=0x1,name='CPU_CLK_UNHALTED.REF_XCLK'/
83 [47998448727808] INFO perfrun.perfcollector <> - pmu config : cpu , m_cccrAddr : 187 , m_cccrVal : 53023c , m_escrAddr : ffffffff , m_escrVal : 0 , m_dataAddr : c2 , m_dataVal : fffffffffffe795d
83 [47998448727808] INFO perfrun.perfcollector <> - config : pc : 0
83 [47998448727808] INFO perfrun.perfcollector <> - config : any : 0
83 [47998448727808] INFO perfrun.perfcollector <> - config : inv : 0
83 [47998448727808] INFO perfrun.perfcollector <> - config : edge : 0
83 [47998448727808] INFO perfrun.perfcollector <> - config : cmask : 0
83 [47998448727808] INFO perfrun.perfcollector <> - config : event : 3c
83 [47998448727808] INFO perfrun.perfcollector <> - config : in_tx : 0
83 [47998448727808] INFO perfrun.perfcollector <> - config1 : ldlat : 0
83 [47998448727808] INFO perfrun.perfcollector <> - config : umask : 2
83 [47998448727808] INFO perfrun.perfcollector <> - config : in_tx_cp : 0
83 [47998448727808] INFO perfrun.perfcollector <> - config1 : frontend : 0
83 [47998448727808] INFO perfrun.perfcollector <> - config1 : offcore_rsp : 0
83 [47998448727808] INFO perfrun.perfcollector <> - format : cpu/event=0x3c,umask=0x2,name='CPU_CLK_UNHALTED.ONE_THREAD_ACTIVE'/
83 [47998448727808] INFO perfrun.perfcollector <> - pmu config : cpu , m_cccrAddr : 188 , m_cccrVal : 5302c7 , m_escrAddr : ffffffff , m_escrVal : 0 , m_dataAddr : c3 , m_dataVal : ffffffffffe17b7d
83 [47998448727808] INFO perfrun.perfcollector <> - config : pc : 0
83 [47998448727808] INFO perfrun.perfcollector <> - config : any : 0
83 [47998448727808] INFO perfrun.perfcollector <> - config : inv : 0
83 [47998448727808] INFO perfrun.perfcollector <> - config : edge : 0
83 [47998448727808] INFO perfrun.perfcollector <> - config : cmask : 0
83 [47998448727808] INFO perfrun.perfcollector <> - config : event : c7
83 [47998448727808] INFO perfrun.perfcollector <> - config : in_tx : 0
83 [47998448727808] INFO perfrun.perfcollector <> - config1 : ldlat : 0
83 [47998448727808] INFO perfrun.perfcollector <> - config : umask : 2
83 [47998448727808] INFO perfrun.perfcollector <> - config : in_tx_cp : 0
83 [47998448727808] INFO perfrun.perfcollector <> - config1 : frontend : 0
83 [47998448727808] INFO perfrun.perfcollector <> - config1 : offcore_rsp : 0
83 [47998448727808] INFO perfrun.perfcollector <> - format : cpu/event=0xc7,umask=0x2,name='FP_ARITH_INST_RETIRED.SCALAR_SINGLE'/
83 [47998448727808] INFO perfrun.perfcollector <> - pmu config : cpu , m_cccrAddr : 189 , m_cccrVal : 5308c7 , m_escrAddr : ffffffff , m_escrVal : 0 , m_dataAddr : c4 , m_dataVal : ffffffffffe17b7d
83 [47998448727808] INFO perfrun.perfcollector <> - config : pc : 0
83 [47998448727808] INFO perfrun.perfcollector <> - config : any : 0
83 [47998448727808] INFO perfrun.perfcollector <> - config : inv : 0
83 [47998448727808] INFO perfrun.perfcollector <> - config : edge : 0
83 [47998448727808] INFO perfrun.perfcollector <> - config : cmask : 0
83 [47998448727808] INFO perfrun.perfcollector <> - config : event : c7
83 [47998448727808] INFO perfrun.perfcollector <> - config : in_tx : 0
83 [47998448727808] INFO perfrun.perfcollector <> - config1 : ldlat : 0
83 [47998448727808] INFO perfrun.perfcollector <> - config : umask : 8
83 [47998448727808] INFO perfrun.perfcollector <> - config : in_tx_cp : 0
83 [47998448727808] INFO perfrun.perfcollector <> - config1 : frontend : 0
83 [47998448727808] INFO perfrun.perfcollector <> - config1 : offcore_rsp : 0
83 [47998448727808] INFO perfrun.perfcollector <> - format : cpu/event=0xc7,umask=0x8,name='FP_ARITH_INST_RETIRED.128B_PACKED_SINGLE'/
83 [47998448727808] INFO perfrun.perfcollector <> - pmu config : cpu , m_cccrAddr : 18a , m_cccrVal : 5320c7 , m_escrAddr : ffffffff , m_escrVal : 0 , m_dataAddr : c5 , m_dataVal : ffffffffffe17b7d
83 [47998448727808] INFO perfrun.perfcollector <> - config : pc : 0
83 [47998448727808] INFO perfrun.perfcollector <> - config : any : 0
83 [47998448727808] INFO perfrun.perfcollector <> - config : inv : 0
83 [47998448727808] INFO perfrun.perfcollector <> - config : edge : 0
83 [47998448727808] INFO perfrun.perfcollector <> - config : cmask : 0
83 [47998448727808] INFO perfrun.perfcollector <> - config : event : c7
83 [47998448727808] INFO perfrun.perfcollector <> - config : in_tx : 0
84 [47998448727808] INFO perfrun.perfcollector <> - config1 : ldlat : 0
84 [47998448727808] INFO perfrun.perfcollector <> - config : umask : 20
84 [47998448727808] INFO perfrun.perfcollector <> - config : in_tx_cp : 0
84 [47998448727808] INFO perfrun.perfcollector <> - config1 : frontend : 0
84 [47998448727808] INFO perfrun.perfcollector <> - config1 : offcore_rsp : 0
84 [47998448727808] INFO perfrun.perfcollector <> - format : cpu/event=0xc7,umask=0x20,name='FP_ARITH_INST_RETIRED.256B_PACKED_SINGLE'/
84 [47998448727808] INFO perfrun.perfcollector <> - pmu config : cpu , m_cccrAddr : 18b , m_cccrVal : 5301c7 , m_escrAddr : ffffffff , m_escrVal : 0 , m_dataAddr : c6 , m_dataVal : ffffffffffe17b7d
84 [47998448727808] INFO perfrun.perfcollector <> - config : pc : 0
84 [47998448727808] INFO perfrun.perfcollector <> - config : any : 0
84 [47998448727808] INFO perfrun.perfcollector <> - config : inv : 0
84 [47998448727808] INFO perfrun.perfcollector <> - config : edge : 0
84 [47998448727808] INFO perfrun.perfcollector <> - config : cmask : 0
84 [47998448727808] INFO perfrun.perfcollector <> - config : event : c7
84 [47998448727808] INFO perfrun.perfcollector <> - config : in_tx : 0
84 [47998448727808] INFO perfrun.perfcollector <> - config1 : ldlat : 0
84 [47998448727808] INFO perfrun.perfcollector <> - config : umask : 1
84 [47998448727808] INFO perfrun.perfcollector <> - config : in_tx_cp : 0
84 [47998448727808] INFO perfrun.perfcollector <> - config1 : frontend : 0
84 [47998448727808] INFO perfrun.perfcollector <> - config1 : offcore_rsp : 0
84 [47998448727808] INFO perfrun.perfcollector <> - format : cpu/event=0xc7,umask=0x1,name='FP_ARITH_INST_RETIRED.SCALAR_DOUBLE'/
84 [47998448727808] INFO perfrun.perfcollector <> - pmu config : cpu , m_cccrAddr : 18c , m_cccrVal : 5304c7 , m_escrAddr : ffffffff , m_escrVal : 0 , m_dataAddr : c7 , m_dataVal : ffffffffffe17b7d
84 [47998448727808] INFO perfrun.perfcollector <> - config : pc : 0
84 [47998448727808] INFO perfrun.perfcollector <> - config : any : 0
84 [47998448727808] INFO perfrun.perfcollector <> - config : inv : 0
84 [47998448727808] INFO perfrun.perfcollector <> - config : edge : 0
84 [47998448727808] INFO perfrun.perfcollector <> - config : cmask : 0
84 [47998448727808] INFO perfrun.perfcollector <> - config : event : c7
84 [47998448727808] INFO perfrun.perfcollector <> - config : in_tx : 0
84 [47998448727808] INFO perfrun.perfcollector <> - config1 : ldlat : 0
84 [47998448727808] INFO perfrun.perfcollector <> - config : umask : 4
84 [47998448727808] INFO perfrun.perfcollector <> - config : in_tx_cp : 0
84 [47998448727808] INFO perfrun.perfcollector <> - config1 : frontend : 0
84 [47998448727808] INFO perfrun.perfcollector <> - config1 : offcore_rsp : 0
84 [47998448727808] INFO perfrun.perfcollector <> - format : cpu/event=0xc7,umask=0x4,name='FP_ARITH_INST_RETIRED.128B_PACKED_DOUBLE'/
84 [47998448727808] INFO perfrun.perfcollector <> - pmu config : cpu , m_cccrAddr : 18d , m_cccrVal : 5310c7 , m_escrAddr : ffffffff , m_escrVal : 0 , m_dataAddr : c8 , m_dataVal : ffffffffffe17b7d
84 [47998448727808] INFO perfrun.perfcollector <> - config : pc : 0
84 [47998448727808] INFO perfrun.perfcollector <> - config : any : 0
84 [47998448727808] INFO perfrun.perfcollector <> - config : inv : 0
84 [47998448727808] INFO perfrun.perfcollector <> - config : edge : 0
84 [47998448727808] INFO perfrun.perfcollector <> - config : cmask : 0
84 [47998448727808] INFO perfrun.perfcollector <> - config : event : c7
84 [47998448727808] INFO perfrun.perfcollector <> - config : in_tx : 0
84 [47998448727808] INFO perfrun.perfcollector <> - config1 : ldlat : 0
84 [47998448727808] INFO perfrun.perfcollector <> - config : umask : 10
84 [47998448727808] INFO perfrun.perfcollector <> - config : in_tx_cp : 0
84 [47998448727808] INFO perfrun.perfcollector <> - config1 : frontend : 0
84 [47998448727808] INFO perfrun.perfcollector <> - config1 : offcore_rsp : 0
84 [47998448727808] INFO perfrun.perfcollector <> - format : cpu/event=0xc7,umask=0x10,name='FP_ARITH_INST_RETIRED.256B_PACKED_DOUBLE'/
84 [47998448727808] INFO perfrun.perfcollector <> - pmu config : cpu , m_cccrAddr : 186 , m_cccrVal : 5310b1 , m_escrAddr : ffffffff , m_escrVal : 0 , m_dataAddr : c1 , m_dataVal : ffffffffffe17b7d
84 [47998448727808] INFO perfrun.perfcollector <> - config : pc : 0
84 [47998448727808] INFO perfrun.perfcollector <> - config : any : 0
84 [47998448727808] INFO perfrun.perfcollector <> - config : inv : 0
84 [47998448727808] INFO perfrun.perfcollector <> - config : edge : 0
84 [47998448727808] INFO perfrun.perfcollector <> - config : cmask : 0
84 [47998448727808] INFO perfrun.perfcollector <> - config : event : b1
84 [47998448727808] INFO perfrun.perfcollector <> - config : in_tx : 0
84 [47998448727808] INFO perfrun.perfcollector <> - config1 : ldlat : 0
84 [47998448727808] INFO perfrun.perfcollector <> - config : umask : 10
84 [47998448727808] INFO perfrun.perfcollector <> - config : in_tx_cp : 0
84 [47998448727808] INFO perfrun.perfcollector <> - config1 : frontend : 0
84 [47998448727808] INFO perfrun.perfcollector <> - config1 : offcore_rsp : 0
84 [47998448727808] INFO perfrun.perfcollector <> - format : cpu/event=0xb1,umask=0x10,name='UOPS_EXECUTED.X87'/
84 [47998448727808] INFO perfrun.perfcollector <> - pmu config : cpu , m_cccrAddr : 187 , m_cccrVal : 5302c2 , m_escrAddr : ffffffff , m_escrVal : 0 , m_dataAddr : c2 , m_dataVal : ffffffffffe17b7d
84 [47998448727808] INFO perfrun.perfcollector <> - config : pc : 0
84 [47998448727808] INFO perfrun.perfcollector <> - config : any : 0
84 [47998448727808] INFO perfrun.perfcollector <> - config : inv : 0
84 [47998448727808] INFO perfrun.perfcollector <> - config : edge : 0
84 [47998448727808] INFO perfrun.perfcollector <> - config : cmask : 0
84 [47998448727808] INFO perfrun.perfcollector <> - config : event : c2
84 [47998448727808] INFO perfrun.perfcollector <> - config : in_tx : 0
84 [47998448727808] INFO perfrun.perfcollector <> - config1 : ldlat : 0
84 [47998448727808] INFO perfrun.perfcollector <> - config : umask : 2
84 [47998448727808] INFO perfrun.perfcollector <> - config : in_tx_cp : 0
84 [47998448727808] INFO perfrun.perfcollector <> - config1 : frontend : 0
84 [47998448727808] INFO perfrun.perfcollector <> - config1 : offcore_rsp : 0
84 [47998448727808] INFO perfrun.perfcollector <> - format : cpu/event=0xc2,umask=0x2,name='UOPS_RETIRED.RETIRE_SLOTS'/
84 [47998448727808] INFO perfrun.perfcollector <> - pmu config : cpu , m_cccrAddr : 188 , m_cccrVal : 5301b1 , m_escrAddr : ffffffff , m_escrVal : 0 , m_dataAddr : c3 , m_dataVal : ffffffffffe17b7d
84 [47998448727808] INFO perfrun.perfcollector <> - config : pc : 0
84 [47998448727808] INFO perfrun.perfcollector <> - config : any : 0
84 [47998448727808] INFO perfrun.perfcollector <> - config : inv : 0
84 [47998448727808] INFO perfrun.perfcollector <> - config : edge : 0
84 [47998448727808] INFO perfrun.perfcollector <> - config : cmask : 0
84 [47998448727808] INFO perfrun.perfcollector <> - config : event : b1
84 [47998448727808] INFO perfrun.perfcollector <> - config : in_tx : 0
84 [47998448727808] INFO perfrun.perfcollector <> - config1 : ldlat : 0
84 [47998448727808] INFO perfrun.perfcollector <> - config : umask : 1
84 [47998448727808] INFO perfrun.perfcollector <> - config : in_tx_cp : 0
84 [47998448727808] INFO perfrun.perfcollector <> - config1 : frontend : 0
84 [47998448727808] INFO perfrun.perfcollector <> - config1 : offcore_rsp : 0
84 [47998448727808] INFO perfrun.perfcollector <> - format : cpu/event=0xb1,umask=0x1,name='UOPS_EXECUTED.THREAD'/
84 [47998448727808] INFO perfrun.perfcollector <> - pmu config : cpu , m_cccrAddr : 189 , m_cccrVal : 5340c7 , m_escrAddr : ffffffff , m_escrVal : 0 , m_dataAddr : c4 , m_dataVal : ffffffffffe17b7d
84 [47998448727808] INFO perfrun.perfcollector <> - config : pc : 0
84 [47998448727808] INFO perfrun.perfcollector <> - config : any : 0
84 [47998448727808] INFO perfrun.perfcollector <> - config : inv : 0
84 [47998448727808] INFO perfrun.perfcollector <> - config : edge : 0
84 [47998448727808] INFO perfrun.perfcollector <> - config : cmask : 0
84 [47998448727808] INFO perfrun.perfcollector <> - config : event : c7
84 [47998448727808] INFO perfrun.perfcollector <> - config : in_tx : 0
84 [47998448727808] INFO perfrun.perfcollector <> - config1 : ldlat : 0
84 [47998448727808] INFO perfrun.perfcollector <> - config : umask : 40
84 [47998448727808] INFO perfrun.perfcollector <> - config : in_tx_cp : 0
84 [47998448727808] INFO perfrun.perfcollector <> - config1 : frontend : 0
84 [47998448727808] INFO perfrun.perfcollector <> - config1 : offcore_rsp : 0
84 [47998448727808] INFO perfrun.perfcollector <> - format : cpu/event=0xc7,umask=0x40,name='FP_ARITH_INST_RETIRED.512B_PACKED_DOUBLE'/
84 [47998448727808] INFO perfrun.perfcollector <> - pmu config : cpu , m_cccrAddr : 18a , m_cccrVal : 5380c7 , m_escrAddr : ffffffff , m_escrVal : 0 , m_dataAddr : c5 , m_dataVal : ffffffffffe17b7d
84 [47998448727808] INFO perfrun.perfcollector <> - config : pc : 0
84 [47998448727808] INFO perfrun.perfcollector <> - config : any : 0
84 [47998448727808] INFO perfrun.perfcollector <> - config : inv : 0
84 [47998448727808] INFO perfrun.perfcollector <> - config : edge : 0
84 [47998448727808] INFO perfrun.perfcollector <> - config : cmask : 0
84 [47998448727808] INFO perfrun.perfcollector <> - config : event : c7
84 [47998448727808] INFO perfrun.perfcollector <> - config : in_tx : 0
84 [47998448727808] INFO perfrun.perfcollector <> - config1 : ldlat : 0
84 [47998448727808] INFO perfrun.perfcollector <> - config : umask : 80
84 [47998448727808] INFO perfrun.perfcollector <> - config : in_tx_cp : 0
84 [47998448727808] INFO perfrun.perfcollector <> - config1 : frontend : 0
84 [47998448727808] INFO perfrun.perfcollector <> - config1 : offcore_rsp : 0
84 [47998448727808] INFO perfrun.perfcollector <> - format : cpu/event=0xc7,umask=0x80,name='FP_ARITH_INST_RETIRED.512B_PACKED_SINGLE'/
84 [47998448727808] INFO perfrun.perfcollector <> - event: cpu/event=0x3c,name='CPU_CLK_UNHALTED.THREAD'/Duk , added for counting
84 [47998448727808] INFO perfrun.perfcollector <> - event: cpu/umask=0x3,name='CPU_CLK_UNHALTED.REF_TSC'/Duk , added for counting
84 [47998448727808] INFO perfrun.perfcollector <> - event: cpu/event=0xc0,name='INST_RETIRED.ANY'/Duk , added for counting
84 [47998448727808] INFO perfrun.perfcollector <> - event: cpu/event=0x3c,umask=0x1,name='CPU_CLK_UNHALTED.REF_XCLK'/uk , added for counting
84 [47998448727808] INFO perfrun.perfcollector <> - event: cpu/event=0x3c,umask=0x2,name='CPU_CLK_UNHALTED.ONE_THREAD_ACTIVE'/uk , added for counting
84 [47998448727808] INFO perfrun.perfcollector <> - event: cpu/event=0xc7,umask=0x2,name='FP_ARITH_INST_RETIRED.SCALAR_SINGLE'/uk , added for counting
84 [47998448727808] INFO perfrun.perfcollector <> - event: cpu/event=0xc7,umask=0x8,name='FP_ARITH_INST_RETIRED.128B_PACKED_SINGLE'/uk , added for counting
84 [47998448727808] INFO perfrun.perfcollector <> - event: cpu/event=0xc7,umask=0x20,name='FP_ARITH_INST_RETIRED.256B_PACKED_SINGLE'/uk , added for counting
84 [47998448727808] INFO perfrun.perfcollector <> - event: cpu/event=0xc7,umask=0x1,name='FP_ARITH_INST_RETIRED.SCALAR_DOUBLE'/uk , added for counting
84 [47998448727808] INFO perfrun.perfcollector <> - event: cpu/event=0xc7,umask=0x4,name='FP_ARITH_INST_RETIRED.128B_PACKED_DOUBLE'/uk , added for counting
84 [47998448727808] INFO perfrun.perfcollector <> - event: cpu/event=0xc7,umask=0x10,name='FP_ARITH_INST_RETIRED.256B_PACKED_DOUBLE'/uk , added for counting
84 [47998448727808] INFO perfrun.perfcollector <> - event: cpu/event=0xb1,umask=0x10,name='UOPS_EXECUTED.X87'/uk , added for counting
84 [47998448727808] INFO perfrun.perfcollector <> - event: cpu/event=0xc2,umask=0x2,name='UOPS_RETIRED.RETIRE_SLOTS'/uk , added for counting
84 [47998448727808] INFO perfrun.perfcollector <> - event: cpu/event=0xb1,umask=0x1,name='UOPS_EXECUTED.THREAD'/uk , added for counting
84 [47998448727808] INFO perfrun.perfcollector <> - event: cpu/event=0xc7,umask=0x40,name='FP_ARITH_INST_RETIRED.512B_PACKED_DOUBLE'/uk , added for counting
84 [47998448727808] INFO perfrun.perfcollector <> - event: cpu/event=0xc7,umask=0x80,name='FP_ARITH_INST_RETIRED.512B_PACKED_SINGLE'/uk , added for counting
86 [47998568892160] INFO perfrun.perfcollector <> - Monitor: runCmd: "/okyanus/progs/intel_parallel_studio/intel2019update4/vtune_amplifier_2019.4.0.597835/bin64/amplxe-perf" stat --log-fd 11 --resume-fd 12 --resume-ack-fd 15 -c -x ; -e cpu/event=0x3c,name='CPU_CLK_UNHALTED.THREAD'/Duk,cpu/umask=0x3,name='CPU_CLK_UNHALTED.REF_TSC'/Duk,cpu/event=0xc0,name='INST_RETIRED.ANY'/Duk,cpu/event=0x3c,umask=0x1,name='CPU_CLK_UNHALTED.REF_XCLK'/uk,cpu/event=0x3c,umask=0x2,name='CPU_CLK_UNHALTED.ONE_THREAD_ACTIVE'/uk,cpu/event=0xc7,umask=0x2,name='FP_ARITH_INST_RETIRED.SCALAR_SINGLE'/uk,cpu/event=0xc7,umask=0x8,name='FP_ARITH_INST_RETIRED.128B_PACKED_SINGLE'/uk,cpu/event=0xc7,umask=0x20,name='FP_ARITH_INST_RETIRED.256B_PACKED_SINGLE'/uk,cpu/event=0xc7,umask=0x1,name='FP_ARITH_INST_RETIRED.SCALAR_DOUBLE'/uk,cpu/event=0xc7,umask=0x4,name='FP_ARITH_INST_RETIRED.128B_PACKED_DOUBLE'/uk,cpu/event=0xc7,umask=0x10,name='FP_ARITH_INST_RETIRED.256B_PACKED_DOUBLE'/uk,cpu/event=0xb1,umask=0x10,name='UOPS_EXECUTED.X87'/uk,cpu/event=0xc2,umask=0x2,name='UOPS_RETIRED.RETIRE_SLOTS'/uk,cpu/event=0xb1,umask=0x1,name='UOPS_EXECUTED.THREAD'/uk,cpu/event=0xc7,umask=0x40,name='FP_ARITH_INST_RETIRED.512B_PACKED_DOUBLE'/uk,cpu/event=0xc7,umask=0x80,name='FP_ARITH_INST_RETIRED.512B_PACKED_SINGLE'/uk "/okyanus/progs/intel_parallel_studio/intel2019update4/vtune_amplifier_2019.4.0.597835/bin64/amplxe-perf-sync" dryrun sys
92 [47998570993408] INFO perfrun.perfcollector <> - PERF_STAT : "4865375;;CPU_CLK_UNHALTED.THREAD;1549850;100.00"
92 [47998570993408] INFO perfrun.perfcollector <> - PERF_STAT : "3576384;;CPU_CLK_UNHALTED.REF_TSC;1549850;100.00"
92 [47998570993408] INFO perfrun.perfcollector <> - PERF_STAT : "5687306;;INST_RETIRED.ANY;1549850;100.00"
92 [47998570993408] INFO perfrun.perfcollector <> - PERF_STAT : "13972;;CPU_CLK_UNHALTED.REF_XCLK;569961;100.00"
92 [47998570993408] INFO perfrun.perfcollector <> - PERF_STAT : "37255;;CPU_CLK_UNHALTED.ONE_THREAD_ACTIVE;1549850;100.00"
92 [47998570993408] INFO perfrun.perfcollector <> - PERF_STAT : "0;;FP_ARITH_INST_RETIRED.SCALAR_SINGLE;1549850;100.00"
92 [47998570993408] INFO perfrun.perfcollector <> - PERF_STAT : "0;;FP_ARITH_INST_RETIRED.128B_PACKED_SINGLE;1549850;100.00"
92 [47998570993408] INFO perfrun.perfcollector <> - PERF_STAT : "0;;FP_ARITH_INST_RETIRED.256B_PACKED_SINGLE;1549850;100.00"
92 [47998570993408] INFO perfrun.perfcollector <> - PERF_STAT : "0;;FP_ARITH_INST_RETIRED.SCALAR_DOUBLE;1549850;100.00"
92 [47998570993408] INFO perfrun.perfcollector <> - PERF_STAT : "0;;FP_ARITH_INST_RETIRED.128B_PACKED_DOUBLE;1549850;100.00"
92 [47998568892160] INFO perfrun.perfcollector <> - Monitor: runCmd RC = true
92 [47998570993408] INFO perfrun.perfcollector <> - PERF_STAT : "0;;FP_ARITH_INST_RETIRED.256B_PACKED_DOUBLE;979889;63.22"
92 [47998570993408] INFO perfrun.perfcollector <> - PERF_STAT : "<not counted>;;UOPS_EXECUTED.X87;0;0.00"
92 [47998570993408] INFO perfrun.perfcollector <> - PERF_STAT : "<not counted>;;UOPS_RETIRED.RETIRE_SLOTS;0;0.00"
92 [47998570993408] INFO perfrun.perfcollector <> - PERF_STAT : "<not counted>;;UOPS_EXECUTED.THREAD;0;0.00"
92 [47998570993408] INFO perfrun.perfcollector <> - PERF_STAT : "<not counted>;;FP_ARITH_INST_RETIRED.512B_PACKED_DOUBLE;0;0.00"
92 [47998570993408] INFO perfrun.perfcollector <> - PERF_STAT : "<not counted>;;FP_ARITH_INST_RETIRED.512B_PACKED_SINGLE;0;0.00"
92 [47998448727808] INFO perfrun.tpss <> - initialize tpss controller
92 [47998448727808] INFO perfrun.tpss <> - configure collection mode: value = cpu:counters:nostack
92 [47998448727808] INFO perfrun.tpss <> - configure collection mode: value = cpu:stack
92 [47998448727808] INFO perfrun.tpss <> - default obj-size-min=1024
92 [47998448727808] INFO perfrun.tpss <> - default hash-table-size=0
140 [47998448727808] INFO perfrun.launcher <> - plugin [exprof] was disabled because it doesn't support the given collection type.
141 [47998448727808] INFO perfrun.launcher <> - plugin [ice] was disabled because it doesn't support the given collection type.
141 [47998448727808] INFO perfrun.launcher <> - plugin [] was disabled because it doesn't support the given collection type.
141 [47998448727808] INFO perfrun.launcher <> - plugin [] was disabled because it doesn't support the given collection type.
141 [47998448727808] INFO perfrun.launcher <> - plugin [parallelfs] was disabled because it doesn't support the given collection type.
141 [47998448727808] INFO perfrun.launcher <> - plugin [power] was disabled because it doesn't support the given collection type.
141 [47998336212224] INFO perfrun.launcher <> - set environment variable: LD_LIBRARY_PATH = /okyanus/progs/intel_parallel_studio/intel2019update4/vtune_amplifier_2019.4.0.597835/lib32/runtime:/okyanus/progs/intel_parallel_studio/intel2019update4/vtune_amplifier_2019.4.0.597835/lib64/runtime:/okyanus/progs/intel_parallel_studio/intel2019update4/intelpython3/lib/libfabric:/okyanus/progs/intel_parallel_studio/intel2019update4/intelpython3/lib:/okyanus/progs/intel_parallel_studio/intel2019update4/itac/2019.4.036/intel64/slib:/okyanus/progs/intel_parallel_studio/intel2019update4/compilers_and_libraries_2019.4.243/linux/compiler/lib/intel64_lin:/okyanus/progs/intel_parallel_studio/intel2019update4/compilers_and_libraries_2019.4.243/linux/mpi/intel64/libfabric/lib:/okyanus/progs/intel_parallel_studio/intel2019update4/compilers_and_libraries_2019.4.243/linux/mpi/intel64/lib/release:/okyanus/progs/intel_parallel_studio/intel2019update4/compilers_and_libraries_2019.4.243/linux/mpi/intel64/lib:/okyanus/progs/intel_parallel_studio/intel2019update4/compilers_and_libraries_2019.4.243/linux/ipp/lib/intel64:/okyanus/progs/intel_parallel_studio/intel2019update4/compilers_and_libraries_2019.4.243/linux/compiler/lib/intel64_lin:/okyanus/progs/intel_parallel_studio/intel2019update4/compilers_and_libraries_2019.4.243/linux/mkl/lib/intel64_lin:/okyanus/progs/intel_parallel_studio/intel2019update4/compilers_and_libraries_2019.4.243/linux/tbb/lib/intel64/gcc4.7:/okyanus/progs/intel_parallel_studio/intel2019update4/compilers_and_libraries_2019.4.243/linux/tbb/lib/intel64/gcc4.7:/okyanus/progs/intel_parallel_studio/intel2019update4/debugger_2019/libipt/intel64/lib:/okyanus/progs/intel_parallel_studio/intel2019update4/compilers_and_libraries_2019.4.243/linux/daal/lib/intel64_lin:/okyanus/progs/intel_parallel_studio/intel2019update4/compilers_and_libraries_2019.4.243/linux/daal/../tbb/lib/intel64_lin/gcc4.4:/okyanus/progs/gcc/GCC-11.2.0/lib/gcc/x86_64-pc-linux-gnu/11.2.0:/okyanus/progs/gcc/GCC-11.2.0/lib64:/okyanus/progs/gcc/GCC-11.2.0/lib
141 [47998336212224] INFO perfrun.launcher <> - set environment variable: INTEL_LIBITTNOTIFY32 = /okyanus/progs/intel_parallel_studio/intel2019update4/vtune_amplifier_2019.4.0.597835/lib32/runtime/libittnotify_collector.so
141 [47998336212224] INFO perfrun.launcher <> - set environment variable: INTEL_LIBITTNOTIFY64 = /okyanus/progs/intel_parallel_studio/intel2019update4/vtune_amplifier_2019.4.0.597835/lib64/runtime/libittnotify_collector.so
141 [47998336212224] INFO perfrun.launcher <> - set environment variable: INTEL_ITTNOTIFY_GROUPS = 
141 [47998336212224] INFO perfrun.launcher <> - set environment variable: INTEL_JIT_PROFILER32 = /okyanus/progs/intel_parallel_studio/intel2019update4/vtune_amplifier_2019.4.0.597835/lib32/runtime/libittnotify_collector.so
141 [47998336212224] INFO perfrun.launcher <> - set environment variable: INTEL_JIT_PROFILER64 = /okyanus/progs/intel_parallel_studio/intel2019update4/vtune_amplifier_2019.4.0.597835/lib64/runtime/libittnotify_collector.so
141 [47998336212224] INFO perfrun.launcher <> - set environment variable: VS_PROFILER = libittnotify_collector.so
141 [47998336212224] INFO perfrun.launcher <> - set environment variable: ENABLE_JITPROFILING = 1
141 [47998336212224] INFO perfrun.launcher <> - set environment variable: CL_CONFIG_USE_VTUNE = True
141 [47998336212224] INFO perfrun.launcher <> - set environment variable: __OCL_MIC_INTEL_LIBITTNOTIFY64 = /amplxe/results/libittnotify_collector.so
141 [47998336212224] INFO perfrun.launcher <> - set environment variable: __OCL_MIC_INTEL_JIT_PROFILER64 = /amplxe/results/libittnotify_collector.so
141 [47998336212224] INFO perfrun.launcher <> - set environment variable: KMP_FORKJOIN_FRAMES = 0
141 [47998336212224] INFO perfrun.launcher <> - set environment variable: KMP_FORKJOIN_FRAMES_MODE = 0
141 [47998336212224] INFO perfrun.launcher <> - RpcServer: run RPC server to handle requests
142 [47998336212224] INFO perfrun.launcher <> - Launcher: command line to start before modification = ./NFA_par example7
143 [47998336212224] INFO perfrun.launcher <> - Launcher: command line to start after modification = /okyanus/progs/intel_parallel_studio/intel2019update4/vtune_amplifier_2019.4.0.597835/bin64/pin -error_file /tmp/amplxe-tmp-yatmaca/amplxe-res-91669-189557198174308/data.0/pinerr.tpsslog -detach_reattach -follow_execv -tool_load_option deepbind -t64 /okyanus/progs/intel_parallel_studio/intel2019update4/vtune_amplifier_2019.4.0.597835/lib64/libtpsstool.so -t /okyanus/progs/intel_parallel_studio/intel2019update4/vtune_amplifier_2019.4.0.597835/lib32/libtpsstool.so -server_name tpss_ipc.91669 -prd_dir /okyanus/progs/intel_parallel_studio/intel2019update4/vtune_amplifier_2019.4.0.597835 -- ./NFA_par example7
143 [47998336212224] INFO perfrun.launcher <> - ProcessCreator object was created
143 [47998336212224] INFO perfrun.launcher <> - Launcher: the process was started in suspend mode
214 [47998448727808] INFO perfrun.system <> - Helper runtool '/okyanus/progs/intel_parallel_studio/intel2019update4/vtune_amplifier_2019.4.0.597835/bin32/amplxe-runss -dump-vdso -r /tmp/amplxe-tmp-yatmaca/amplxe-res-91669-189557198174308 --tmp-dir /tmp/amplxe-tmp-yatmaca' returned 0
282 [47998448727808] INFO perfrun.system <> - Helper runtool '/okyanus/progs/intel_parallel_studio/intel2019update4/vtune_amplifier_2019.4.0.597835/bin64/amplxe-runss -dump-vdso -r /tmp/amplxe-tmp-yatmaca/amplxe-res-91669-189557198174308 --tmp-dir /tmp/amplxe-tmp-yatmaca' returned 0
286 [47998448727808] INFO perfrun.system <> - OpenCL gpu adapter vendor Id 4139
286 [47998448727808] WARN perfrun.system <> - Could not do anything with /sys/kernel/debug/kvm: boost::filesystem::status: Permission denied: "/sys/kernel/debug/kvm", at file: vcs/perfrun1/plugins/system/src/trace_writer.cpp:749
286 [47998448727808] WARN perfrun.system <> - Folder "/var/run/libvirt/qemu/"doesn't exist, at file: vcs/perfrun1/plugins/system/src/trace_writer.cpp:762
286 [47998448727808] WARN perfrun.sdk <> - Failed to find xl binary on any of the system paths: /bin, /sbin, /usr/bin, /usr/sbin., at file: vcs/perfrun1/sdk/src/utils.cpp:529
286 [47998448727808] WARN perfrun.system <> - Could not start ContainerMapping collector, at file: vcs/perfrun1/plugins/system/src/controller.cpp:467
287 [47998448727808] INFO perfrun.itt <> - start itt controller for pid #91680
288 [47998575195904] INFO perfrun.perfcollector <> - Monitor: runCmd: "/okyanus/progs/intel_parallel_studio/intel2019update4/vtune_amplifier_2019.4.0.597835/bin64/amplxe-perf" stat --log-fd 24 --resume-fd 25 --resume-ack-fd 28 -p 91680 -c -x ; -e cpu/event=0x3c,name='CPU_CLK_UNHALTED.THREAD'/Duk,cpu/umask=0x3,name='CPU_CLK_UNHALTED.REF_TSC'/Duk,cpu/event=0xc0,name='INST_RETIRED.ANY'/Duk,cpu/event=0x3c,umask=0x1,name='CPU_CLK_UNHALTED.REF_XCLK'/uk,cpu/event=0x3c,umask=0x2,name='CPU_CLK_UNHALTED.ONE_THREAD_ACTIVE'/uk,cpu/event=0xc7,umask=0x2,name='FP_ARITH_INST_RETIRED.SCALAR_SINGLE'/uk,cpu/event=0xc7,umask=0x8,name='FP_ARITH_INST_RETIRED.128B_PACKED_SINGLE'/uk,cpu/event=0xc7,umask=0x20,name='FP_ARITH_INST_RETIRED.256B_PACKED_SINGLE'/uk,cpu/event=0xc7,umask=0x1,name='FP_ARITH_INST_RETIRED.SCALAR_DOUBLE'/uk,cpu/event=0xc7,umask=0x4,name='FP_ARITH_INST_RETIRED.128B_PACKED_DOUBLE'/uk,cpu/event=0xc7,umask=0x10,name='FP_ARITH_INST_RETIRED.256B_PACKED_DOUBLE'/uk,cpu/event=0xb1,umask=0x10,name='UOPS_EXECUTED.X87'/uk,cpu/event=0xc2,umask=0x2,name='UOPS_RETIRED.RETIRE_SLOTS'/uk,cpu/event=0xb1,umask=0x1,name='UOPS_EXECUTED.THREAD'/uk,cpu/event=0xc7,umask=0x40,name='FP_ARITH_INST_RETIRED.512B_PACKED_DOUBLE'/uk,cpu/event=0xc7,umask=0x80,name='FP_ARITH_INST_RETIRED.512B_PACKED_SINGLE'/uk "/okyanus/progs/intel_parallel_studio/intel2019update4/vtune_amplifier_2019.4.0.597835/bin64/amplxe-perf-sync" sync sys
295 [47998448727808] INFO perfrun.tpss <> - start tpss controller for pid #91680
345 [47998336212224] INFO perfrun.launcher <> - Launcher: all plugins were started
345 [47998336212224] INFO perfrun.launcher <> - DirectoryMonitor object was created
345 [47998336212224] INFO perfrun.launcher <> - DirectoryMonitor: a callback was added
345 [47998336212224] INFO perfrun.launcher <> - DirectoryMonitor was started with pingTime = 1000
345 [47998336212224] INFO perfrun.launcher <> - DeadlineTimer is going to be constructed
345 [47998336212224] INFO perfrun.launcher <> - DeadlineTimer: a callback was added
354 [47998336212224] INFO perfrun.launcher <> - Launcher: resume the profiled application and  wait its termination or stop command
5964 [47998336212224] INFO perfrun.launcher <> - Launcher: the profiled application was terminated  with exit code = 0
5968 [47998448727808] INFO perfrun.itt <> - stop itt controller
5968 [47998448727808] INFO perfrun.itt <> - detach itt controller
5968 [47998577297152] INFO perfrun.perfcollector <> - PERF_STAT : "79664120075;;CPU_CLK_UNHALTED.THREAD;21835035472;100.00"
5968 [47998577297152] INFO perfrun.perfcollector <> - PERF_STAT : "52017509664;;CPU_CLK_UNHALTED.REF_TSC;21835035472;100.00"
5968 [47998577297152] INFO perfrun.perfcollector <> - PERF_STAT : "136107493943;;INST_RETIRED.ANY;21835035472;100.00"
5968 [47998577297152] INFO perfrun.perfcollector <> - PERF_STAT : "541686694;;CPU_CLK_UNHALTED.REF_XCLK;11757104711;53.85"
5968 [47998577297152] INFO perfrun.perfcollector <> - PERF_STAT : "541708957;;CPU_CLK_UNHALTED.ONE_THREAD_ACTIVE;11752064621;53.82"
5968 [47998577297152] INFO perfrun.perfcollector <> - PERF_STAT : "0;;FP_ARITH_INST_RETIRED.SCALAR_SINGLE;11749228422;53.84"
5968 [47998577297152] INFO perfrun.perfcollector <> - PERF_STAT : "0;;FP_ARITH_INST_RETIRED.128B_PACKED_SINGLE;11749193948;53.86"
5968 [47998577297152] INFO perfrun.perfcollector <> - PERF_STAT : "0;;FP_ARITH_INST_RETIRED.256B_PACKED_SINGLE;11752135586;53.87"
5968 [47998577297152] INFO perfrun.perfcollector <> - PERF_STAT : "13;;FP_ARITH_INST_RETIRED.SCALAR_DOUBLE;11754413105;53.87"
5968 [47998577297152] INFO perfrun.perfcollector <> - PERF_STAT : "0;;FP_ARITH_INST_RETIRED.128B_PACKED_DOUBLE;11755993548;53.86"
5969 [47998577297152] INFO perfrun.perfcollector <> - PERF_STAT : "0;;FP_ARITH_INST_RETIRED.256B_PACKED_DOUBLE;11761287745;53.88"
5969 [47998575195904] INFO perfrun.perfcollector <> - Monitor: runCmd RC = true
5969 [47998577297152] INFO perfrun.perfcollector <> - PERF_STAT : "4370611;;UOPS_EXECUTED.X87;11763674621;53.88"
5969 [47998577297152] INFO perfrun.perfcollector <> - PERF_STAT : "132448587475;;UOPS_RETIRED.RETIRE_SLOTS;11765958328;53.89"
5969 [47998577297152] INFO perfrun.perfcollector <> - PERF_STAT : "158337873331;;UOPS_EXECUTED.THREAD;11763405770;53.89"
5969 [47998577297152] INFO perfrun.perfcollector <> - PERF_STAT : "0;;FP_ARITH_INST_RETIRED.512B_PACKED_DOUBLE;11761335697;53.87"
5969 [47998577297152] INFO perfrun.perfcollector <> - PERF_STAT : "0;;FP_ARITH_INST_RETIRED.512B_PACKED_SINGLE;11759452202;53.86"
5969 [47998448727808] INFO perfrun.perfcollector <> - Monitor: state = 3, error = 1
5969 [47998448727808] INFO perfrun.tpss <> - stop tpss controller
5969 [47998448727808] INFO perfrun.sdk <> - De-allocating TMU: /tmp/amplxe-tmp-yatmaca/amplxe-res-91669-189557198174308/data.0/systemcollector-91669-s208.sc
5969 [47998448727808] INFO perfrun.system <> - closed the system trace file: /tmp/amplxe-tmp-yatmaca/amplxe-res-91669-189557198174308/data.0/systemcollector-91669-s208.sc
5969 [47998336212224] INFO perfrun.launcher <> - Launcher: all plugins were stopped.
5969 [47998336212224] INFO perfrun.launcher <> - DeadlineTimer is going to be destroyed
5969 [47998336212224] INFO perfrun.launcher <> - DeadlineTimer was destroyed
5969 [47998336212224] INFO perfrun.launcher <> - DirectoryMonitor object was destroyed
5969 [47998336212224] WARN perfrun.launcher <> - Stop command is ignored because it is received when collection is already stopped, at file: vcs/perfrun1/launcher/src/command_handler.cpp:212
5994 [47998336212224] INFO perfrun.launcher <> - Application exit code: 0
5994 [47998336212224] INFO perfrun.launcher <> - Exit code: 0
